<?xml version="1.0" encoding="UTF-8"?>
<testng-results ignored="0" total="2" passed="1" failed="1" skipped="0">
  <reporter-output>
  </reporter-output>
  <suite started-at="2020-05-04T10:22:06 PDT" name="Default suite" finished-at="2020-05-04T10:22:28 PDT" duration-ms="21867">
    <groups>
    </groups>
    <test started-at="2020-05-04T10:22:06 PDT" name="Default test" finished-at="2020-05-04T10:22:28 PDT" duration-ms="21867">
      <class name="com.flipkart.testcases.NewTest">
        <test-method is-config="true" signature="setup()[pri:0, instance:com.flipkart.testcases.NewTest@5fa07e12]" started-at="2020-05-04T10:22:06 PDT" name="setup" finished-at="2020-05-04T10:22:13 PDT" duration-ms="6569" status="PASS">
          <reporter-output>
          </reporter-output>
        </test-method> <!-- setup -->
        <test-method signature="Searchtests()[pri:0, instance:com.flipkart.testcases.NewTest@5fa07e12]" started-at="2020-05-04T10:22:13 PDT" name="Searchtests" finished-at="2020-05-04T10:22:15 PDT" duration-ms="2477" status="PASS">
          <reporter-output>
          </reporter-output>
        </test-method> <!-- Searchtests -->
        <test-method is-config="true" signature="wrapuptest(org.testng.ITestResult)[pri:0, instance:com.flipkart.testcases.NewTest@5fa07e12]" started-at="2020-05-04T10:22:15 PDT" name="wrapuptest" finished-at="2020-05-04T10:22:16 PDT" duration-ms="750" status="PASS">
          <params>
            <param index="0">
              <value>
                <![CDATA[[TestResult name=Searchtests status=SUCCESS method=NewTest.Searchtests()[pri:0, instance:com.flipkart.testcases.NewTest@5fa07e12] output={null}]]]>
              </value>
            </param>
          </params>
          <reporter-output>
          </reporter-output>
        </test-method> <!-- wrapuptest -->
        <test-method is-config="true" signature="setup()[pri:0, instance:com.flipkart.testcases.NewTest@5fa07e12]" started-at="2020-05-04T10:22:16 PDT" name="setup" finished-at="2020-05-04T10:22:22 PDT" duration-ms="6108" status="PASS">
          <reporter-output>
          </reporter-output>
        </test-method> <!-- setup -->
        <test-method signature="verifybrowsertitle()[pri:0, instance:com.flipkart.testcases.NewTest@5fa07e12]" started-at="2020-05-04T10:22:22 PDT" name="verifybrowsertitle" finished-at="2020-05-04T10:22:27 PDT" duration-ms="4621" status="FAIL">
          <exception class="java.lang.AssertionError">
            <message>
              <![CDATA[expected [automation - Google Search] but found [testing - Google Search]]]>
            </message>
            <full-stacktrace>
              <![CDATA[java.lang.AssertionError: expected [automation - Google Search] but found [testing - Google Search]
at org.testng.Assert.fail(Assert.java:97)
at org.testng.Assert.assertEqualsImpl(Assert.java:136)
at org.testng.Assert.assertEquals(Assert.java:118)
at org.testng.Assert.assertEquals(Assert.java:575)
at org.testng.Assert.assertEquals(Assert.java:585)
at com.flipkart.testcases.NewTest.verifybrowsertitle(NewTest.java:70)
at java.base/jdk.internal.reflect.NativeMethodAccessorImpl.invoke0(Native Method)
at java.base/jdk.internal.reflect.NativeMethodAccessorImpl.invoke(NativeMethodAccessorImpl.java:62)
at java.base/jdk.internal.reflect.DelegatingMethodAccessorImpl.invoke(DelegatingMethodAccessorImpl.java:43)
at java.base/java.lang.reflect.Method.invoke(Method.java:566)
at org.testng.internal.MethodInvocationHelper.invokeMethod(MethodInvocationHelper.java:134)
at org.testng.internal.TestInvoker.invokeMethod(TestInvoker.java:597)
at org.testng.internal.TestInvoker.invokeTestMethod(TestInvoker.java:173)
at org.testng.internal.MethodRunner.runInSequence(MethodRunner.java:46)
at org.testng.internal.TestInvoker$MethodInvocationAgent.invoke(TestInvoker.java:816)
at org.testng.internal.TestInvoker.invokeTestMethods(TestInvoker.java:146)
at org.testng.internal.TestMethodWorker.invokeTestMethods(TestMethodWorker.java:146)
at org.testng.internal.TestMethodWorker.run(TestMethodWorker.java:128)
at java.base/java.util.ArrayList.forEach(ArrayList.java:1540)
at org.testng.TestRunner.privateRun(TestRunner.java:766)
at org.testng.TestRunner.run(TestRunner.java:587)
at org.testng.SuiteRunner.runTest(SuiteRunner.java:384)
at org.testng.SuiteRunner.runSequentially(SuiteRunner.java:378)
at org.testng.SuiteRunner.privateRun(SuiteRunner.java:337)
at org.testng.SuiteRunner.run(SuiteRunner.java:286)
at org.testng.SuiteRunnerWorker.runSuite(SuiteRunnerWorker.java:53)
at org.testng.SuiteRunnerWorker.run(SuiteRunnerWorker.java:96)
at org.testng.TestNG.runSuitesSequentially(TestNG.java:1187)
at org.testng.TestNG.runSuitesLocally(TestNG.java:1109)
at org.testng.TestNG.runSuites(TestNG.java:1039)
at org.testng.TestNG.run(TestNG.java:1007)
at org.testng.remote.AbstractRemoteTestNG.run(AbstractRemoteTestNG.java:115)
at org.testng.remote.RemoteTestNG.initAndRun(RemoteTestNG.java:251)
at org.testng.remote.RemoteTestNG.main(RemoteTestNG.java:77)
]]>
            </full-stacktrace>
          </exception> <!-- java.lang.AssertionError -->
          <reporter-output>
          </reporter-output>
        </test-method> <!-- verifybrowsertitle -->
        <test-method is-config="true" signature="wrapuptest(org.testng.ITestResult)[pri:0, instance:com.flipkart.testcases.NewTest@5fa07e12]" started-at="2020-05-04T10:22:27 PDT" name="wrapuptest" finished-at="2020-05-04T10:22:28 PDT" duration-ms="1316" status="PASS">
          <params>
            <param index="0">
              <value>
                <![CDATA[[TestResult name=verifybrowsertitle status=FAILURE method=NewTest.verifybrowsertitle()[pri:0, instance:com.flipkart.testcases.NewTest@5fa07e12] output={null}]]]>
              </value>
            </param>
          </params>
          <reporter-output>
          </reporter-output>
        </test-method> <!-- wrapuptest -->
      </class> <!-- com.flipkart.testcases.NewTest -->
    </test> <!-- Default test -->
  </suite> <!-- Default suite -->
</testng-results>
